# JRE version: Java(TM) SE Runtime Environment (8.0_66-b17) (build 1.8.0_66-b17)
# Java VM: Java HotSpot(TM) 64-Bit Server VM (25.66-b17 mixed mode windows-amd64 compressed oops)
Heap:
 PSYoungGen      total 232960K, used 71280K [0x00000000eab00000, 0x0000000100000000, 0x0000000100000000)
  eden space 116736K, 0% used [0x00000000eab00000,0x00000000eab00000,0x00000000f1d00000)
  from space 116224K, 61% used [0x00000000f8e80000,0x00000000fd41c110,0x0000000100000000)
  to   space 116224K, 0% used [0x00000000f1d00000,0x00000000f1d00000,0x00000000f8e80000)
 ParOldGen       total 232448K, used 214757K [0x00000000c0000000, 0x00000000ce300000, 0x00000000eab00000)
  object space 232448K, 92% used [0x00000000c0000000,0x00000000cd1b9518,0x00000000ce300000)
 Metaspace       used 6636K, capacity 7320K, committed 7680K, reserved 1056768K
  class space    used 627K, capacity 656K, committed 768K, reserved 1048576K
GC Heap History (10 events):
Event: 14.176 GC heap after
Heap after GC invocations=14 (full 2):
 PSYoungGen      total 248832K, used 65726K [0x00000000eab00000, 0x0000000100000000, 0x0000000100000000)
  eden space 162816K, 0% used [0x00000000eab00000,0x00000000eab00000,0x00000000f4a00000)
  from space 86016K, 76% used [0x00000000fac00000,0x00000000fec2f970,0x0000000100000000)
  to   space 93184K, 0% used [0x00000000f4a00000,0x00000000f4a00000,0x00000000fa500000)
 ParOldGen       total 232448K, used 133143K [0x00000000c0000000, 0x00000000ce300000, 0x00000000eab00000)
  object space 232448K, 57% used [0x00000000c0000000,0x00000000c8205fc0,0x00000000ce300000)
 Metaspace       used 6616K, capacity 7320K, committed 7680K, reserved 1056768K
  class space    used 627K, capacity 656K, committed 768K, reserved 1048576K
}
Event: 15.867 GC heap before
{Heap before GC invocations=15 (full 2):
 PSYoungGen      total 248832K, used 228542K [0x00000000eab00000, 0x0000000100000000, 0x0000000100000000)
  eden space 162816K, 100% used [0x00000000eab00000,0x00000000f4a00000,0x00000000f4a00000)
  from space 86016K, 76% used [0x00000000fac00000,0x00000000fec2f970,0x0000000100000000)
  to   space 93184K, 0% used [0x00000000f4a00000,0x00000000f4a00000,0x00000000fa500000)
 ParOldGen       total 232448K, used 133143K [0x00000000c0000000, 0x00000000ce300000, 0x00000000eab00000)
  object space 232448K, 57% used [0x00000000c0000000,0x00000000c8205fc0,0x00000000ce300000)
 Metaspace       used 6619K, capacity 7320K, committed 7680K, reserved 1056768K
  class space    used 627K, capacity 656K, committed 768K, reserved 1048576K
Event: 16.071 GC heap after
Heap after GC invocations=15 (full 2):
 PSYoungGen      total 252928K, used 89602K [0x00000000eab00000, 0x0000000100000000, 0x0000000100000000)
  eden space 162816K, 0% used [0x00000000eab00000,0x00000000eab00000,0x00000000f4a00000)
  from space 90112K, 99% used [0x00000000f4a00000,0x00000000fa180b48,0x00000000fa200000)
  to   space 96256K, 0% used [0x00000000fa200000,0x00000000fa200000,0x0000000100000000)
 ParOldGen       total 232448K, used 133143K [0x00000000c0000000, 0x00000000ce300000, 0x00000000eab00000)
  object space 232448K, 57% used [0x00000000c0000000,0x00000000c8205fc0,0x00000000ce300000)
 Metaspace       used 6619K, capacity 7320K, committed 7680K, reserved 1056768K
  class space    used 627K, capacity 656K, committed 768K, reserved 1048576K
}
Event: 17.077 GC heap before
{Heap before GC invocations=16 (full 2):
 PSYoungGen      total 252928K, used 252418K [0x00000000eab00000, 0x0000000100000000, 0x0000000100000000)
  eden space 162816K, 100% used [0x00000000eab00000,0x00000000f4a00000,0x00000000f4a00000)
  from space 90112K, 99% used [0x00000000f4a00000,0x00000000fa180b48,0x00000000fa200000)
  to   space 96256K, 0% used [0x00000000fa200000,0x00000000fa200000,0x0000000100000000)
 ParOldGen       total 232448K, used 133143K [0x00000000c0000000, 0x00000000ce300000, 0x00000000eab00000)
  object space 232448K, 57% used [0x00000000c0000000,0x00000000c8205fc0,0x00000000ce300000)
 Metaspace       used 6624K, capacity 7320K, committed 7680K, reserved 1056768K
  class space    used 627K, capacity 656K, committed 768K, reserved 1048576K
Event: 17.255 GC heap after
Heap after GC invocations=16 (full 2):
 PSYoungGen      total 212992K, used 96228K [0x00000000eab00000, 0x0000000100000000, 0x0000000100000000)
  eden space 116736K, 0% used [0x00000000eab00000,0x00000000eab00000,0x00000000f1d00000)
  from space 96256K, 99% used [0x00000000fa200000,0x00000000ffff9010,0x0000000100000000)
  to   space 116224K, 0% used [0x00000000f1d00000,0x00000000f1d00000,0x00000000f8e80000)
 ParOldGen       total 232448K, used 151926K [0x00000000c0000000, 0x00000000ce300000, 0x00000000eab00000)
  object space 232448K, 65% used [0x00000000c0000000,0x00000000c945dbe0,0x00000000ce300000)
 Metaspace       used 6624K, capacity 7320K, committed 7680K, reserved 1056768K
  class space    used 627K, capacity 656K, committed 768K, reserved 1048576K
}
Event: 17.764 GC heap before
{Heap before GC invocations=17 (full 2):
 PSYoungGen      total 212992K, used 212964K [0x00000000eab00000, 0x0000000100000000, 0x0000000100000000)
  eden space 116736K, 100% used [0x00000000eab00000,0x00000000f1d00000,0x00000000f1d00000)
  from space 96256K, 99% used [0x00000000fa200000,0x00000000ffff9010,0x0000000100000000)
  to   space 116224K, 0% used [0x00000000f1d00000,0x00000000f1d00000,0x00000000f8e80000)
 ParOldGen       total 232448K, used 151926K [0x00000000c0000000, 0x00000000ce300000, 0x00000000eab00000)
  object space 232448K, 65% used [0x00000000c0000000,0x00000000c945dbe0,0x00000000ce300000)
 Metaspace       used 6636K, capacity 7320K, committed 7680K, reserved 1056768K
  class space    used 627K, capacity 656K, committed 768K, reserved 1048576K
Event: 17.951 GC heap after
Heap after GC invocations=17 (full 2):
 PSYoungGen      total 232960K, used 99684K [0x00000000eab00000, 0x0000000100000000, 0x0000000100000000)
  eden space 116736K, 0% used [0x00000000eab00000,0x00000000eab00000,0x00000000f1d00000)
  from space 116224K, 85% used [0x00000000f1d00000,0x00000000f7e59270,0x00000000f8e80000)
  to   space 116224K, 0% used [0x00000000f8e80000,0x00000000f8e80000,0x0000000100000000)
 ParOldGen       total 232448K, used 166280K [0x00000000c0000000, 0x00000000ce300000, 0x00000000eab00000)
  object space 232448K, 71% used [0x00000000c0000000,0x00000000ca2623d0,0x00000000ce300000)
 Metaspace       used 6636K, capacity 7320K, committed 7680K, reserved 1056768K
  class space    used 627K, capacity 656K, committed 768K, reserved 1048576K
}
Event: 18.620 GC heap before
{Heap before GC invocations=18 (full 2):
 PSYoungGen      total 232960K, used 216420K [0x00000000eab00000, 0x0000000100000000, 0x0000000100000000)
  eden space 116736K, 100% used [0x00000000eab00000,0x00000000f1d00000,0x00000000f1d00000)
  from space 116224K, 85% used [0x00000000f1d00000,0x00000000f7e59270,0x00000000f8e80000)
  to   space 116224K, 0% used [0x00000000f8e80000,0x00000000f8e80000,0x0000000100000000)
 ParOldGen       total 232448K, used 166280K [0x00000000c0000000, 0x00000000ce300000, 0x00000000eab00000)
  object space 232448K, 71% used [0x00000000c0000000,0x00000000ca2623d0,0x00000000ce300000)
 Metaspace       used 6636K, capacity 7320K, committed 7680K, reserved 1056768K
  class space    used 627K, capacity 656K, committed 768K, reserved 1048576K
Event: 18.771 GC heap after
Heap after GC invocations=18 (full 2):
 PSYoungGen      total 232960K, used 71280K [0x00000000eab00000, 0x0000000100000000, 0x0000000100000000)
  eden space 116736K, 0% used [0x00000000eab00000,0x00000000eab00000,0x00000000f1d00000)
  from space 116224K, 61% used [0x00000000f8e80000,0x00000000fd41c110,0x0000000100000000)
  to   space 116224K, 0% used [0x00000000f1d00000,0x00000000f1d00000,0x00000000f8e80000)
 ParOldGen       total 232448K, used 214757K [0x00000000c0000000, 0x00000000ce300000, 0x00000000eab00000)
  object space 232448K, 92% used [0x00000000c0000000,0x00000000cd1b9518,0x00000000ce300000)
 Metaspace       used 6636K, capacity 7320K, committed 7680K, reserved 1056768K
  class space    used 627K, capacity 656K, committed 768K, reserved 1048576K
}
Event: 18.771 GC heap before
{Heap before GC invocations=19 (full 3):
 PSYoungGen      total 232960K, used 71280K [0x00000000eab00000, 0x0000000100000000, 0x0000000100000000)
  eden space 116736K, 0% used [0x00000000eab00000,0x00000000eab00000,0x00000000f1d00000)
  from space 116224K, 61% used [0x00000000f8e80000,0x00000000fd41c110,0x0000000100000000)
  to   space 116224K, 0% used [0x00000000f1d00000,0x00000000f1d00000,0x00000000f8e80000)
 ParOldGen       total 232448K, used 214757K [0x00000000c0000000, 0x00000000ce300000, 0x00000000eab00000)
  object space 232448K, 92% used [0x00000000c0000000,0x00000000cd1b9518,0x00000000ce300000)
 Metaspace       used 6636K, capacity 7320K, committed 7680K, reserved 1056768K
  class space    used 627K, capacity 656K, committed 768K, reserved 1048576K

